
Due to MODULEPATH changes, the following have been reloaded:
  1) openmpi/2.1.1

[33mWARNING:[0m underlay of /usr/bin/nvidia-smi required more than 50 (668) bind mounts
Traceback (most recent call last):
  File "squeeznet_experiment.py", line 400, in <module>
    squeezimp.train()
  File "squeeznet_experiment.py", line 272, in train
    model_ft, hist = self.train_model(model_ft, valid_loader, criterion, optimizer_ft, self.num_epochs,False,True)
  File "squeeznet_experiment.py", line 325, in train_model
    print("F1 score: ", f1_score(labels_copy.detach().numpy(), outputs_copy.detach().numpy(), average='macro'))
  File "/miniconda/lib/python3.6/site-packages/sklearn/metrics/classification.py", line 720, in f1_score
    sample_weight=sample_weight)
  File "/miniconda/lib/python3.6/site-packages/sklearn/metrics/classification.py", line 834, in fbeta_score
    sample_weight=sample_weight)
  File "/miniconda/lib/python3.6/site-packages/sklearn/metrics/classification.py", line 1031, in precision_recall_fscore_support
    y_type, y_true, y_pred = _check_targets(y_true, y_pred)
  File "/miniconda/lib/python3.6/site-packages/sklearn/metrics/classification.py", line 88, in _check_targets
    raise ValueError("{0} is not supported".format(y_type))
ValueError: continuous-multioutput is not supported

==============NVSMI LOG==============

Timestamp                           : Sun Mar  3 02:51:32 2019
Driver Version                      : 410.73
CUDA Version                        : 10.0

Attached GPUs                       : 16
GPU 00000000:07:00.0
    Accounting Mode                 : Enabled
    Accounting Mode Buffer Size     : 4000
    Accounted Processes
        Process ID                  : 73971
            GPU Utilization         : 2 %
            Memory Utilization      : 0 %
            Max memory usage        : 331 MiB
            Time                    : 9669 ms
            Is Running              : 0
        Process ID                  : 21720
            GPU Utilization         : 2 %
            Memory Utilization      : 0 %
            Max memory usage        : 0 MiB
            Time                    : 9771 ms
            Is Running              : 0

